<?xml version="1.0" encoding="UTF-8"?>
<testsuite xmlns:xsi="http://www.w3.org/2001/XMLSchema-instance" xsi:noNamespaceSchemaLocation="https://maven.apache.org/surefire/maven-surefire-plugin/xsd/surefire-test-report.xsd" name="com.doman.Springboot01ApplicationTests" time="0.078" tests="2" errors="2" skipped="0" failures="0">
  <properties>
[...]
</properties>
  <testcase name="initializationError" classname="com.doman.Springboot01ApplicationTests" time="0">
    <error message="The class com.doman.Springboot01ApplicationTests is not public." type="java.lang.Exception">java.lang.Exception: The class com.doman.Springboot01ApplicationTests is not public.
</error>
  </testcase>
  <testcase name="initializationError" classname="com.doman.Springboot01ApplicationTests" time="0">
    <error message="Test class should have exactly one public constructor" type="java.lang.Exception">java.lang.Exception: Test class should have exactly one public constructor
</error>
  </testcase>
</testsuite>